<?xml version="1.0" encoding="UTF-8"?>
<testsuite xmlns:xsi="http://www.w3.org/2001/XMLSchema-instance" xsi:noNamespaceSchemaLocation="https://maven.apache.org/surefire/maven-surefire-plugin/xsd/surefire-test-report.xsd" name="org.wit.controllers.HealthTrackerAPITest" time="121.813" tests="28" errors="0" skipped="0" failures="0">
  <properties>
[...]
</properties>
  <testcase name="get all users from the database returns 200 or 404 response" classname="org.wit.controllers.HealthTrackerAPITest$ReadUsers" time="3.351"/>
  <testcase name="get user by id when user does not exist returns 404 response" classname="org.wit.controllers.HealthTrackerAPITest$ReadUsers" time="0.964"/>
  <testcase name="getting a user by email when email exists, returns a 200 response" classname="org.wit.controllers.HealthTrackerAPITest$ReadUsers" time="5.029"/>
  <testcase name="getting a user by id when id exists, returns a 200 response" classname="org.wit.controllers.HealthTrackerAPITest$ReadUsers" time="5.315"/>
  <testcase name="get user by email when user does not exist returns 404 response" classname="org.wit.controllers.HealthTrackerAPITest$ReadUsers" time="0.961"/>
  <testcase name="add a user with correct details returns a 201 response" classname="org.wit.controllers.HealthTrackerAPITest$CreateUsers" time="4.924"/>
  <testcase name="add a user where email already exists, returns a 409" classname="org.wit.controllers.HealthTrackerAPITest$CreateUsers" time="4.988"/>
  <testcase name="updating a user when it exists, returns a 204 response" classname="org.wit.controllers.HealthTrackerAPITest$UpdateUsers" time="5.999"/>
  <testcase name="updating a user when it doesn&apos;t exist, returns a 404 response" classname="org.wit.controllers.HealthTrackerAPITest$UpdateUsers" time="1.096"/>
  <testcase name="deleting a user when it doesn&apos;t exist, returns a 404 response" classname="org.wit.controllers.HealthTrackerAPITest$DeleteUsers" time="0.931"/>
  <testcase name="deleting a user when it exists, returns a 204 response" classname="org.wit.controllers.HealthTrackerAPITest$DeleteUsers" time="5.154"/>
  <testcase name="logging in a user with correct credentials, returns a 200 response" classname="org.wit.controllers.HealthTrackerAPITest$LoginUsers" time="4.947"/>
  <testcase name="logging in a user with correct email and incorrect password, returns a 401 response" classname="org.wit.controllers.HealthTrackerAPITest$LoginUsers" time="5.288"/>
  <testcase name="logging in a user with incorrect email and password, returns a 401 response" classname="org.wit.controllers.HealthTrackerAPITest$LoginUsers" time="4.775"/>
  <testcase name="add an exercise when no user exists for it, returns a 404 response" classname="org.wit.controllers.HealthTrackerAPITest$CreateExercises" time="1.925"/>
  <testcase name="add an exercise when a user exists for it, returns a 201 response" classname="org.wit.controllers.HealthTrackerAPITest$CreateExercises" time="5.804"/>
  <testcase name="get all exercises by user id when no exercises exist returns 404 response" classname="org.wit.controllers.HealthTrackerAPITest$ReadExercises" time="5.719"/>
  <testcase name="get all exercises by user id when no user exists returns 404 response" classname="org.wit.controllers.HealthTrackerAPITest$ReadExercises" time="0.924"/>
  <testcase name="get all exercises by user id when user and exercise exists returns 200 response" classname="org.wit.controllers.HealthTrackerAPITest$ReadExercises" time="11.543"/>
  <testcase name="get all exercises from the database returns 200 or 404 response" classname="org.wit.controllers.HealthTrackerAPITest$ReadExercises" time="0.945"/>
  <testcase name="get exercise by exercise id when exercise exists returns 200 response" classname="org.wit.controllers.HealthTrackerAPITest$ReadExercises" time="6.727"/>
  <testcase name="get exercise by exercise id when no exercise exists returns 404 response" classname="org.wit.controllers.HealthTrackerAPITest$ReadExercises" time="0.94"/>
  <testcase name="updating an exercise by exercise id when it exists, returns 204 response" classname="org.wit.controllers.HealthTrackerAPITest$UpdateExercises" time="7.732"/>
  <testcase name="updating an exercise by exercise id when it doesn&apos;t exist, returns a 404 response" classname="org.wit.controllers.HealthTrackerAPITest$UpdateExercises" time="1.934"/>
  <testcase name="deleting an exercise by id when it exists, returns a 204 response" classname="org.wit.controllers.HealthTrackerAPITest$DeleteExercises" time="7.648"/>
  <testcase name="deleting all exercises by userid when it exists, returns a 204 response" classname="org.wit.controllers.HealthTrackerAPITest$DeleteExercises" time="12.437"/>
  <testcase name="deleting exercises by user id when it doesn&apos;t exist, returns a 404 response" classname="org.wit.controllers.HealthTrackerAPITest$DeleteExercises" time="0.932"/>
  <testcase name="deleting an exercise by exercise id when it doesn&apos;t exist, returns a 404 response" classname="org.wit.controllers.HealthTrackerAPITest$DeleteExercises" time="0.933"/>
</testsuite>