<?xml version="1.0" encoding="UTF-8"?>
<testsuite xmlns:xsi="http://www.w3.org/2001/XMLSchema-instance" xsi:noNamespaceSchemaLocation="https://maven.apache.org/surefire/maven-surefire-plugin/xsd/surefire-test-report.xsd" name="org.wit.repository.ExerciseDAOTest" time="4.796" tests="13" errors="0" skipped="0" failures="0">
  <properties>
[...]
</properties>
  <testcase name="multiple exercises added to table can be retrieved successfully" classname="org.wit.repository.ExerciseDAOTest$CreateExercises" time="1.969"/>
  <testcase name="get exercise by user id that exists, results in a correct exercise{s} returned" classname="org.wit.repository.ExerciseDAOTest$ReadExercises" time="0.281"/>
  <testcase name="get exercise by exercise id that has no records, results in no record returned" classname="org.wit.repository.ExerciseDAOTest$ReadExercises" time="0.265"/>
  <testcase name="getting all exercises from a populated table returns all rows" classname="org.wit.repository.ExerciseDAOTest$ReadExercises" time="0.235"/>
  <testcase name="get exercise by exercise id that exists, results in a correct exercise returned" classname="org.wit.repository.ExerciseDAOTest$ReadExercises" time="0.25"/>
  <testcase name="get all exercises over empty table returns none" classname="org.wit.repository.ExerciseDAOTest$ReadExercises" time="0.015"/>
  <testcase name="get exercise by user id that has no exercises, results in no record returned" classname="org.wit.repository.ExerciseDAOTest$ReadExercises" time="0.266"/>
  <testcase name="updating non-existant exercise in table results in no updates" classname="org.wit.repository.ExerciseDAOTest$UpdateExercises" time="0.25"/>
  <testcase name="updating existing exercise in table results in successful update" classname="org.wit.repository.ExerciseDAOTest$UpdateExercises" time="0.265"/>
  <testcase name="deleting exercises when none exist for user id results in no deletion" classname="org.wit.repository.ExerciseDAOTest$DeleteExercises" time="0.25"/>
  <testcase name="deleting an existing exercise {by id} in table results in record being deleted" classname="org.wit.repository.ExerciseDAOTest$DeleteExercises" time="0.235"/>
  <testcase name="deleting a non-existant exercise {by id} in table results in no deletion" classname="org.wit.repository.ExerciseDAOTest$DeleteExercises" time="0.266"/>
  <testcase name="deleting exercises when 1 or more exist for user id results in deletion" classname="org.wit.repository.ExerciseDAOTest$DeleteExercises" time="0.234"/>
</testsuite>